{"numTotalTestSuites":31,"numPassedTestSuites":31,"numFailedTestSuites":0,"numPendingTestSuites":0,"numTotalTests":82,"numPassedTests":82,"numFailedTests":0,"numPendingTests":0,"numTodoTests":0,"snapshot":{"added":0,"failure":false,"filesAdded":0,"filesRemoved":0,"filesRemovedList":[],"filesUnmatched":0,"filesUpdated":0,"matched":0,"total":0,"unchecked":0,"uncheckedKeysByFile":[],"unmatched":0,"updated":0,"didUpdate":false},"startTime":1782628109268,"success":true,"testResults":[{"assertionResults":[{"ancestorTitles":["auth.service","validateUser"],"fullName":"auth.service validateUser throws when username is not found","status":"passed","title":"throws when username is not found","duration":4.775700000000029,"failureMessages":[],"meta":{},"tags":[]},{"ancestorTitles":["auth.service","validateUser"],"fullName":"auth.service validateUser throws when password does not match","status":"passed","title":"throws when password does not match","duration":0.8834000000000515,"failureMessages":[],"meta":{},"tags":[]},{"ancestorTitles":["auth.service","validateUser"],"fullName":"auth.service validateUser returns a token when credentials are valid","status":"passed","title":"returns a token when credentials are valid","duration":3.5763999999999214,"failureMessages":[],"meta":{},"tags":[]},{"ancestorTitles":["auth.service","createAccount"],"fullName":"auth.service createAccount throws when username is already used","status":"passed","title":"throws when username is already used","duration":0.7549000000000206,"failureMessages":[],"meta":{},"tags":[]},{"ancestorTitles":["auth.service","createAccount"],"fullName":"auth.service createAccount throws when user insert does not succeed","status":"passed","title":"throws when user insert does not succeed","duration":0.5892000000000053,"failureMessages":[],"meta":{},"tags":[]},{"ancestorTitles":["auth.service","createAccount"],"fullName":"auth.service createAccount returns a token after successfully creating a new account","status":"passed","title":"returns a token after successfully creating a new account","duration":0.676900000000046,"failureMessages":[],"meta":{},"tags":[]},{"ancestorTitles":["auth.service","editAccountDetails"],"fullName":"auth.service editAccountDetails throws when update does not affect exactly one row","status":"passed","title":"throws when update does not affect exactly one row","duration":0.556699999999978,"failureMessages":[],"meta":{},"tags":[]},{"ancestorTitles":["auth.service","editAccountDetails"],"fullName":"auth.service editAccountDetails succeeds when update affects one row","status":"passed","title":"succeeds when update affects one row","duration":0.6286000000000058,"failureMessages":[],"meta":{},"tags":[]}],"startTime":1782628110015,"endTime":1782628110027.6287,"status":"passed","message":"","name":"C:/Data/NUS/orbital-project/NUSphere-Backend/tests/auth.service.test.js"},{"assertionResults":[{"ancestorTitles":["comment.service","getCommentByPostId"],"fullName":"comment.service getCommentByPostId throws when post does not exist","status":"passed","title":"throws when post does not exist","duration":6.249599999999987,"failureMessages":[],"meta":{},"tags":[]},{"ancestorTitles":["comment.service","getCommentByPostId"],"fullName":"comment.service getCommentByPostId returns comments and count when post exists","status":"passed","title":"returns comments and count when post exists","duration":1.564200000000028,"failureMessages":[],"meta":{},"tags":[]},{"ancestorTitles":["comment.service","postCommentByPostId"],"fullName":"comment.service postCommentByPostId throws when post does not exist","status":"passed","title":"throws when post does not exist","duration":0.8038000000000238,"failureMessages":[],"meta":{},"tags":[]},{"ancestorTitles":["comment.service","postCommentByPostId"],"fullName":"comment.service postCommentByPostId throws when comment insert fails","status":"passed","title":"throws when comment insert fails","duration":0.6884999999999764,"failureMessages":[],"meta":{},"tags":[]},{"ancestorTitles":["comment.service","postCommentByPostId"],"fullName":"comment.service postCommentByPostId throws when comment count increment fails and rolls back","status":"passed","title":"throws when comment count increment fails and rolls back","duration":2.232099999999946,"failureMessages":[],"meta":{},"tags":[]},{"ancestorTitles":["comment.service","postCommentByPostId"],"fullName":"comment.service postCommentByPostId returns the created comment with user name data","status":"passed","title":"returns the created comment with user name data","duration":0.5833999999999833,"failureMessages":[],"meta":{},"tags":[]}],"startTime":1782628110018,"endTime":1782628110030.5835,"status":"passed","message":"","name":"C:/Data/NUS/orbital-project/NUSphere-Backend/tests/comment.service.test.js"},{"assertionResults":[{"ancestorTitles":["conversation.service"],"fullName":"conversation.service throws when sender or receiver is invalid","status":"passed","title":"throws when sender or receiver is invalid","duration":5.211800000000039,"failureMessages":[],"meta":{},"tags":[]},{"ancestorTitles":["conversation.service"],"fullName":"conversation.service throws when sender and receiver are the same","status":"passed","title":"throws when sender and receiver are the same","duration":1.0271000000000186,"failureMessages":[],"meta":{},"tags":[]},{"ancestorTitles":["conversation.service"],"fullName":"conversation.service throws when receiver does not exist","status":"passed","title":"throws when receiver does not exist","duration":5.338399999999979,"failureMessages":[],"meta":{},"tags":[]},{"ancestorTitles":["conversation.service"],"fullName":"conversation.service returns an existing conversation when one already exists","status":"passed","title":"returns an existing conversation when one already exists","duration":1.6879000000000133,"failureMessages":[],"meta":{},"tags":[]},{"ancestorTitles":["conversation.service"],"fullName":"conversation.service returns a conversation and message list when creating a conversation with initial message","status":"passed","title":"returns a conversation and message list when creating a conversation with initial message","duration":1.9098999999999933,"failureMessages":[],"meta":{},"tags":[]},{"ancestorTitles":["conversation.service"],"fullName":"conversation.service returns conversation rows for getConversationsByUserId","status":"passed","title":"returns conversation rows for getConversationsByUserId","duration":0.7692000000000689,"failureMessages":[],"meta":{},"tags":[]},{"ancestorTitles":["conversation.service"],"fullName":"conversation.service throws when getMessagesByConversation access is denied","status":"passed","title":"throws when getMessagesByConversation access is denied","duration":0.7689000000000306,"failureMessages":[],"meta":{},"tags":[]},{"ancestorTitles":["conversation.service"],"fullName":"conversation.service returns messages when getMessagesByConversation succeeds","status":"passed","title":"returns messages when getMessagesByConversation succeeds","duration":0.6208000000000311,"failureMessages":[],"meta":{},"tags":[]},{"ancestorTitles":["conversation.service"],"fullName":"conversation.service throws when createMessage access is denied","status":"passed","title":"throws when createMessage access is denied","duration":0.7853000000000065,"failureMessages":[],"meta":{},"tags":[]},{"ancestorTitles":["conversation.service"],"fullName":"conversation.service creates a message when user is in the conversation","status":"passed","title":"creates a message when user is in the conversation","duration":0.699799999999982,"failureMessages":[],"meta":{},"tags":[]},{"ancestorTitles":["conversation.service"],"fullName":"conversation.service returns true when user is in a conversation","status":"passed","title":"returns true when user is in a conversation","duration":0.6843000000000075,"failureMessages":[],"meta":{},"tags":[]},{"ancestorTitles":["conversation.service"],"fullName":"conversation.service returns false when user is not in a conversation","status":"passed","title":"returns false when user is not in a conversation","duration":0.27149999999994634,"failureMessages":[],"meta":{},"tags":[]}],"startTime":1782628110004,"endTime":1782628110024.2715,"status":"passed","message":"","name":"C:/Data/NUS/orbital-project/NUSphere-Backend/tests/conversation.service.test.js"},{"assertionResults":[{"ancestorTitles":["event.attendance.service"],"fullName":"event.attendance.service returns attendance info when event exists","status":"passed","title":"returns attendance info when event exists","duration":4.363800000000083,"failureMessages":[],"meta":{},"tags":[]},{"ancestorTitles":["event.attendance.service"],"fullName":"event.attendance.service throws when createEventAttendance user does not exist","status":"passed","title":"throws when createEventAttendance user does not exist","duration":2.0909999999998945,"failureMessages":[],"meta":{},"tags":[]},{"ancestorTitles":["event.attendance.service"],"fullName":"event.attendance.service throws when createEventAttendance event does not exist","status":"passed","title":"throws when createEventAttendance event does not exist","duration":0.4839999999999236,"failureMessages":[],"meta":{},"tags":[]},{"ancestorTitles":["event.attendance.service"],"fullName":"event.attendance.service throws when createEventAttendance is duplicated","status":"passed","title":"throws when createEventAttendance is duplicated","duration":0.5550999999999249,"failureMessages":[],"meta":{},"tags":[]},{"ancestorTitles":["event.attendance.service"],"fullName":"event.attendance.service succeeds when createEventAttendance inserts a row","status":"passed","title":"succeeds when createEventAttendance inserts a row","duration":0.8090000000000828,"failureMessages":[],"meta":{},"tags":[]},{"ancestorTitles":["event.attendance.service"],"fullName":"event.attendance.service throws when deleteEventAttendance user does not exist","status":"passed","title":"throws when deleteEventAttendance user does not exist","duration":0.5040000000000191,"failureMessages":[],"meta":{},"tags":[]},{"ancestorTitles":["event.attendance.service"],"fullName":"event.attendance.service throws when deleteEventAttendance event does not exist","status":"passed","title":"throws when deleteEventAttendance event does not exist","duration":0.44880000000000564,"failureMessages":[],"meta":{},"tags":[]},{"ancestorTitles":["event.attendance.service"],"fullName":"event.attendance.service throws when deleteEventAttendance is not found","status":"passed","title":"throws when deleteEventAttendance is not found","duration":0.39160000000003947,"failureMessages":[],"meta":{},"tags":[]},{"ancestorTitles":["event.attendance.service"],"fullName":"event.attendance.service succeeds when deleteEventAttendance removes the event attendance","status":"passed","title":"succeeds when deleteEventAttendance removes the event attendance","duration":0.45909999999992124,"failureMessages":[],"meta":{},"tags":[]}],"startTime":1782628110007,"endTime":1782628110017.459,"status":"passed","message":"","name":"C:/Data/NUS/orbital-project/NUSphere-Backend/tests/event.attendance.service.test.js"},{"assertionResults":[{"ancestorTitles":["event.service"],"fullName":"event.service returns event rows from getEvent","status":"passed","title":"returns event rows from getEvent","duration":4.2409000000000106,"failureMessages":[],"meta":{},"tags":[]},{"ancestorTitles":["event.service"],"fullName":"event.service returns a single event from getIndividualEvent","status":"passed","title":"returns a single event from getIndividualEvent","duration":0.666300000000092,"failureMessages":[],"meta":{},"tags":[]},{"ancestorTitles":["event.service"],"fullName":"event.service throws when createEvent does not insert a row","status":"passed","title":"throws when createEvent does not insert a row","duration":2.056100000000015,"failureMessages":[],"meta":{},"tags":[]},{"ancestorTitles":["event.service"],"fullName":"event.service succeeds when createEvent inserts a row","status":"passed","title":"succeeds when createEvent inserts a row","duration":0.6690999999999576,"failureMessages":[],"meta":{},"tags":[]}],"startTime":1782628110008,"endTime":1782628110015.6692,"status":"passed","message":"","name":"C:/Data/NUS/orbital-project/NUSphere-Backend/tests/event.service.test.js"},{"assertionResults":[{"ancestorTitles":["friendRequests.services","friendRequest"],"fullName":"friendRequests.services friendRequest throws when receiver does not exist","status":"passed","title":"throws when receiver does not exist","duration":6.2000000000000455,"failureMessages":[],"meta":{},"tags":[]},{"ancestorTitles":["friendRequests.services","friendRequest"],"fullName":"friendRequests.services friendRequest throws when trying to friend yourself","status":"passed","title":"throws when trying to friend yourself","duration":0.7915000000000418,"failureMessages":[],"meta":{},"tags":[]},{"ancestorTitles":["friendRequests.services","friendRequest"],"fullName":"friendRequests.services friendRequest returns isFriend when friendship already exists","status":"passed","title":"returns isFriend when friendship already exists","duration":1.5741999999999052,"failureMessages":[],"meta":{},"tags":[]},{"ancestorTitles":["friendRequests.services","friendRequest"],"fullName":"friendRequests.services friendRequest creates a friend request when none exists","status":"passed","title":"creates a friend request when none exists","duration":0.6352000000000544,"failureMessages":[],"meta":{},"tags":[]},{"ancestorTitles":["friendRequests.services","unfriendRequest"],"fullName":"friendRequests.services unfriendRequest throws when receiver does not exist","status":"passed","title":"throws when receiver does not exist","duration":0.9411999999999807,"failureMessages":[],"meta":{},"tags":[]},{"ancestorTitles":["friendRequests.services","unfriendRequest"],"fullName":"friendRequests.services unfriendRequest returns isNotFriend when no existing friendship exists","status":"passed","title":"returns isNotFriend when no existing friendship exists","duration":0.4761999999999489,"failureMessages":[],"meta":{},"tags":[]},{"ancestorTitles":["friendRequests.services","unsendFriendRequest"],"fullName":"friendRequests.services unsendFriendRequest throws when receiver does not exist","status":"passed","title":"throws when receiver does not exist","duration":0.5921999999999343,"failureMessages":[],"meta":{},"tags":[]},{"ancestorTitles":["friendRequests.services","unsendFriendRequest"],"fullName":"friendRequests.services unsendFriendRequest throws when sender and receiver are the same","status":"passed","title":"throws when sender and receiver are the same","duration":0.5757999999999583,"failureMessages":[],"meta":{},"tags":[]},{"ancestorTitles":["friendRequests.services","unsendFriendRequest"],"fullName":"friendRequests.services unsendFriendRequest returns isNotFriend when deletion succeeds","status":"passed","title":"returns isNotFriend when deletion succeeds","duration":0.6049000000000433,"failureMessages":[],"meta":{},"tags":[]},{"ancestorTitles":["friendRequests.services","rejectFriendRequest"],"fullName":"friendRequests.services rejectFriendRequest throws when sender does not exist","status":"passed","title":"throws when sender does not exist","duration":0.7877999999999474,"failureMessages":[],"meta":{},"tags":[]},{"ancestorTitles":["friendRequests.services","rejectFriendRequest"],"fullName":"friendRequests.services rejectFriendRequest throws when rejecting your own request","status":"passed","title":"throws when rejecting your own request","duration":0.5055999999999585,"failureMessages":[],"meta":{},"tags":[]},{"ancestorTitles":["friendRequests.services","rejectFriendRequest"],"fullName":"friendRequests.services rejectFriendRequest returns Rejected when request exists","status":"passed","title":"returns Rejected when request exists","duration":0.3507999999999356,"failureMessages":[],"meta":{},"tags":[]},{"ancestorTitles":["friendRequests.services","friendRequestStatus"],"fullName":"friendRequests.services friendRequestStatus returns sameAccount when sender and receiver are the same","status":"passed","title":"returns sameAccount when sender and receiver are the same","duration":0.6111999999999398,"failureMessages":[],"meta":{},"tags":[]},{"ancestorTitles":["friendRequests.services","friendRequestStatus"],"fullName":"friendRequests.services friendRequestStatus returns isFriend when users are already friends","status":"passed","title":"returns isFriend when users are already friends","duration":0.3854000000000042,"failureMessages":[],"meta":{},"tags":[]},{"ancestorTitles":["friendRequests.services","friendRequestStatus"],"fullName":"friendRequests.services friendRequestStatus returns hasBeenRequested when the receiver already sent a request","status":"passed","title":"returns hasBeenRequested when the receiver already sent a request","duration":0.304300000000012,"failureMessages":[],"meta":{},"tags":[]},{"ancestorTitles":["friendRequests.services","friendRequestStatus"],"fullName":"friendRequests.services friendRequestStatus returns requestSuccess when the sender already sent a request","status":"passed","title":"returns requestSuccess when the sender already sent a request","duration":0.3103999999999587,"failureMessages":[],"meta":{},"tags":[]},{"ancestorTitles":["friendRequests.services","friendRequestStatus"],"fullName":"friendRequests.services friendRequestStatus throws if receiver does not exist","status":"passed","title":"throws if receiver does not exist","duration":0.523900000000026,"failureMessages":[],"meta":{},"tags":[]},{"ancestorTitles":["friendRequests.services","getAllIncomingFriendRequests"],"fullName":"friendRequests.services getAllIncomingFriendRequests returns incoming requests","status":"passed","title":"returns incoming requests","duration":0.45029999999997017,"failureMessages":[],"meta":{},"tags":[]}],"startTime":1782628110012,"endTime":1782628110029.524,"status":"passed","message":"","name":"C:/Data/NUS/orbital-project/NUSphere-Backend/tests/friendRequests.services.test.js"},{"assertionResults":[{"ancestorTitles":["post.service"],"fullName":"post.service throws when getPostsByUserId user does not exist","status":"passed","title":"throws when getPostsByUserId user does not exist","duration":6.746499999999969,"failureMessages":[],"meta":{},"tags":[]},{"ancestorTitles":["post.service"],"fullName":"post.service returns posts when getPostsByUserId succeeds","status":"passed","title":"returns posts when getPostsByUserId succeeds","duration":1.6265000000000782,"failureMessages":[],"meta":{},"tags":[]},{"ancestorTitles":["post.service"],"fullName":"post.service throws when getPostsByUsername does not exist","status":"passed","title":"throws when getPostsByUsername does not exist","duration":0.9055999999999358,"failureMessages":[],"meta":{},"tags":[]},{"ancestorTitles":["post.service"],"fullName":"post.service returns posts when getPostsByUsername succeeds","status":"passed","title":"returns posts when getPostsByUsername succeeds","duration":0.6118999999999915,"failureMessages":[],"meta":{},"tags":[]},{"ancestorTitles":["post.service"],"fullName":"post.service throws when getPostById is not found","status":"passed","title":"throws when getPostById is not found","duration":0.6655999999999267,"failureMessages":[],"meta":{},"tags":[]},{"ancestorTitles":["post.service"],"fullName":"post.service returns a post when getPostById succeeds","status":"passed","title":"returns a post when getPostById succeeds","duration":0.49320000000000164,"failureMessages":[],"meta":{},"tags":[]},{"ancestorTitles":["post.service"],"fullName":"post.service throws when likePostById receives invalid post","status":"passed","title":"throws when likePostById receives invalid post","duration":0.7845000000000937,"failureMessages":[],"meta":{},"tags":[]},{"ancestorTitles":["post.service"],"fullName":"post.service likes a post successfully","status":"passed","title":"likes a post successfully","duration":0.9823999999999842,"failureMessages":[],"meta":{},"tags":[]},{"ancestorTitles":["post.service"],"fullName":"post.service throws when unlikePostById receives invalid post","status":"passed","title":"throws when unlikePostById receives invalid post","duration":0.8940999999999804,"failureMessages":[],"meta":{},"tags":[]},{"ancestorTitles":["post.service"],"fullName":"post.service unlikes a post successfully","status":"passed","title":"unlikes a post successfully","duration":0.6306999999999334,"failureMessages":[],"meta":{},"tags":[]},{"ancestorTitles":["post.service"],"fullName":"post.service returns false when hasLiked is false","status":"passed","title":"returns false when hasLiked is false","duration":0.7470000000000709,"failureMessages":[],"meta":{},"tags":[]},{"ancestorTitles":["post.service"],"fullName":"post.service returns true when hasLiked is true","status":"passed","title":"returns true when hasLiked is true","duration":0.3038999999999987,"failureMessages":[],"meta":{},"tags":[]},{"ancestorTitles":["post.service"],"fullName":"post.service creates a post successfully","status":"passed","title":"creates a post successfully","duration":0.4692999999999756,"failureMessages":[],"meta":{},"tags":[]},{"ancestorTitles":["post.service"],"fullName":"post.service throws when updateNewPostUser receives invalid user","status":"passed","title":"throws when updateNewPostUser receives invalid user","duration":0.5448999999999842,"failureMessages":[],"meta":{},"tags":[]},{"ancestorTitles":["post.service"],"fullName":"post.service succeeds updateNewPostUser for valid user","status":"passed","title":"succeeds updateNewPostUser for valid user","duration":0.45509999999990214,"failureMessages":[],"meta":{},"tags":[]},{"ancestorTitles":["post.service"],"fullName":"post.service returns feed results for page 2","status":"passed","title":"returns feed results for page 2","duration":0.7384999999999309,"failureMessages":[],"meta":{},"tags":[]},{"ancestorTitles":["post.service"],"fullName":"post.service returns feed results for page 1 and prepends new post when available","status":"passed","title":"returns feed results for page 1 and prepends new post when available","duration":0.45860000000004675,"failureMessages":[],"meta":{},"tags":[]}],"startTime":1782628110011,"endTime":1782628110030.4585,"status":"passed","message":"","name":"C:/Data/NUS/orbital-project/NUSphere-Backend/tests/post.service.test.js"},{"assertionResults":[{"ancestorTitles":["user.service","getUserDetailsByUsername"],"fullName":"user.service getUserDetailsByUsername throws when username is not found","status":"passed","title":"throws when username is not found","duration":4.500599999999963,"failureMessages":[],"meta":{},"tags":[]},{"ancestorTitles":["user.service","getUserDetailsByUsername"],"fullName":"user.service getUserDetailsByUsername returns user details when found","status":"passed","title":"returns user details when found","duration":1.2357000000000653,"failureMessages":[],"meta":{},"tags":[]},{"ancestorTitles":["user.service","getUserDetailsByUserId"],"fullName":"user.service getUserDetailsByUserId throws when user id is not found","status":"passed","title":"throws when user id is not found","duration":0.559099999999944,"failureMessages":[],"meta":{},"tags":[]},{"ancestorTitles":["user.service","getUserDetailsByUserId"],"fullName":"user.service getUserDetailsByUserId returns user details when found","status":"passed","title":"returns user details when found","duration":0.5434000000000196,"failureMessages":[],"meta":{},"tags":[]},{"ancestorTitles":["user.service","processQueryUserToDbQuery"],"fullName":"user.service processQueryUserToDbQuery builds a strict query for one filter","status":"passed","title":"builds a strict query for one filter","duration":0.6272999999999911,"failureMessages":[],"meta":{},"tags":[]},{"ancestorTitles":["user.service","processQueryUserToDbQuery"],"fullName":"user.service processQueryUserToDbQuery builds a non-strict query with multiple filters","status":"passed","title":"builds a non-strict query with multiple filters","duration":0.4732999999999947,"failureMessages":[],"meta":{},"tags":[]},{"ancestorTitles":["user.service","processQueryUserToDbQuery"],"fullName":"user.service processQueryUserToDbQuery ignores empty and undefined query values","status":"passed","title":"ignores empty and undefined query values","duration":0.21820000000002437,"failureMessages":[],"meta":{},"tags":[]},{"ancestorTitles":["user.service","getUserByQuery"],"fullName":"user.service getUserByQuery adds limit and offset and returns query results","status":"passed","title":"adds limit and offset and returns query results","duration":1.4762999999999238,"failureMessages":[],"meta":{},"tags":[]}],"startTime":1782628110008,"endTime":1782628110018.4763,"status":"passed","message":"","name":"C:/Data/NUS/orbital-project/NUSphere-Backend/tests/user.service.test.js"}]}